<?xml version="1.0" encoding="UTF-8"?>
<TestRun id="e35435c4-150c-4077-b8b6-c0887660a700" name="stanislav@STANISLAV-PC 2014-02-09 16:53:12" runUser="stanislav-PC\stanislav" xmlns="http://microsoft.com/schemas/VisualStudio/TeamTest/2010">
  <TestSettings name="Local" id="788aed3f-e710-4dd8-a548-4fb74a9d647e">
    <Description>These are default test settings for a local test run.</Description>
    <Deployment enabled="false" runDeploymentRoot="stanislav_STANISLAV-PC 2014-02-09 16_53_12">
      <DeploymentItem filename="c:\users\stanislav\documents\visual studio 2010\Projects\3DPoints\3DPoints\bin\Debug\3DPoints.dll" />
    </Deployment>
    <Execution>
      <TestTypeSpecific />
      <AgentRule name="Execution Agents">
      </AgentRule>
    </Execution>
  </TestSettings>
  <Times creation="2014-02-09T16:53:12.7003584+02:00" queuing="2014-02-09T16:53:12.7423608+02:00" start="2014-02-09T16:53:12.7523614+02:00" finish="2014-02-09T16:53:13.0213768+02:00" />
  <ResultSummary outcome="Completed">
    <Counters total="1" executed="1" passed="1" error="0" failed="0" timeout="0" aborted="0" inconclusive="0" passedButRunAborted="0" notRunnable="0" notExecuted="0" disconnected="0" warning="0" completed="0" inProgress="0" pending="0" />
  </ResultSummary>
  <TestDefinitions>
    <UnitTest name="get_DistanceTest" storage="c:\users\stanislav\documents\visual studio 2010\projects\3dpoints\test3dpoint\bin\debug\test3dpoint.dll" id="99ebe4d8-228a-bbb0-f206-3a451e16e384">
      <Execution id="c76f3b50-5a07-44ae-a79c-f542074fbc70" />
      <TestMethod codeBase="c:/users/stanislav/documents/visual studio 2010/Projects/3DPoints/Test3DPoint/bin/Debug/Test3DPoint.DLL" adapterTypeName="Microsoft.VisualStudio.TestTools.TestTypes.Unit.UnitTestAdapter, Microsoft.VisualStudio.QualityTools.Tips.UnitTest.Adapter, Version=10.0.0.0, Culture=neutral, PublicKeyToken=b03f5f7f11d50a3a" className="Test3DPoint.DistanseTest, Test3DPoint, Version=1.0.0.0, Culture=neutral, PublicKeyToken=null" name="get_DistanceTest" />
    </UnitTest>
  </TestDefinitions>
  <TestLists>
    <TestList name="Results Not in a List" id="8c84fa94-04c1-424b-9868-57a2d4851a1d" />
    <TestList name="All Loaded Results" id="19431567-8539-422a-85d7-44ee4e166bda" />
  </TestLists>
  <TestEntries>
    <TestEntry testId="99ebe4d8-228a-bbb0-f206-3a451e16e384" executionId="c76f3b50-5a07-44ae-a79c-f542074fbc70" testListId="8c84fa94-04c1-424b-9868-57a2d4851a1d" />
  </TestEntries>
  <Results>
    <UnitTestResult executionId="c76f3b50-5a07-44ae-a79c-f542074fbc70" testId="99ebe4d8-228a-bbb0-f206-3a451e16e384" testName="get_DistanceTest" computerName="STANISLAV-PC" duration="00:00:00.0148836" startTime="2014-02-09T16:53:12.8043644+02:00" endTime="2014-02-09T16:53:12.9973754+02:00" testType="13cdc9d9-ddb5-4fa4-a97d-d965ccfc6d4b" outcome="Passed" testListId="8c84fa94-04c1-424b-9868-57a2d4851a1d" relativeResultsDirectory="c76f3b50-5a07-44ae-a79c-f542074fbc70">
    </UnitTestResult>
  </Results>
</TestRun>