<?xml version="1.0" encoding="UTF-8"?>
<TestRun id="62ffa211-5afe-4879-adf8-4d86f4c9dc20" name="stanislav@STANISLAV-PC 2014-02-09 16:50:40" runUser="stanislav-PC\stanislav" xmlns="http://microsoft.com/schemas/VisualStudio/TeamTest/2010">
  <TestSettings name="Local" id="788aed3f-e710-4dd8-a548-4fb74a9d647e">
    <Description>These are default test settings for a local test run.</Description>
    <Deployment enabled="false" runDeploymentRoot="stanislav_STANISLAV-PC 2014-02-09 16_50_40">
      <DeploymentItem filename="c:\users\stanislav\documents\visual studio 2010\Projects\3DPoints\3DPoints\bin\Debug\3DPoints.dll" />
    </Deployment>
    <Execution>
      <TestTypeSpecific />
      <AgentRule name="Execution Agents">
      </AgentRule>
    </Execution>
  </TestSettings>
  <Times creation="2014-02-09T16:50:40.8326721+02:00" queuing="2014-02-09T16:50:40.8846751+02:00" start="2014-02-09T16:50:40.8976758+02:00" finish="2014-02-09T16:50:41.1746917+02:00" />
  <ResultSummary outcome="Failed">
    <Counters total="2" executed="2" error="0" failed="1" timeout="0" aborted="0" inconclusive="1" passedButRunAborted="0" notRunnable="0" notExecuted="0" disconnected="0" warning="0" passed="0" completed="0" inProgress="0" pending="0" />
  </ResultSummary>
  <TestDefinitions>
    <UnitTest name="_3Dpoints_Points3DConstructorTest" storage="c:\users\stanislav\documents\visual studio 2010\projects\3dpoints\test3dpoint\bin\debug\test3dpoint.dll" id="7ae777b6-c9e3-0e42-9c58-7dd78a7aae68">
      <Execution id="1f93539d-ea11-4b4a-aabf-72f70c6e7e86" />
      <TestMethod codeBase="c:/users/stanislav/documents/visual studio 2010/Projects/3DPoints/Test3DPoint/bin/Debug/Test3DPoint.DLL" adapterTypeName="Microsoft.VisualStudio.TestTools.TestTypes.Unit.UnitTestAdapter, Microsoft.VisualStudio.QualityTools.Tips.UnitTest.Adapter, Version=10.0.0.0, Culture=neutral, PublicKeyToken=b03f5f7f11d50a3a" className="Test3DPoint._3Dpoints_Points3DTest, Test3DPoint, Version=1.0.0.0, Culture=neutral, PublicKeyToken=null" name="_3Dpoints_Points3DConstructorTest" />
    </UnitTest>
    <UnitTest name="get_DistanceTest" storage="c:\users\stanislav\documents\visual studio 2010\projects\3dpoints\test3dpoint\bin\debug\test3dpoint.dll" id="99ebe4d8-228a-bbb0-f206-3a451e16e384">
      <Execution id="77f8ce8e-90c9-4cc2-89ec-22824347292b" />
      <TestMethod codeBase="c:/users/stanislav/documents/visual studio 2010/Projects/3DPoints/Test3DPoint/bin/Debug/Test3DPoint.DLL" adapterTypeName="Microsoft.VisualStudio.TestTools.TestTypes.Unit.UnitTestAdapter, Microsoft.VisualStudio.QualityTools.Tips.UnitTest.Adapter, Version=10.0.0.0, Culture=neutral, PublicKeyToken=b03f5f7f11d50a3a" className="Test3DPoint.DistanseTest, Test3DPoint, Version=1.0.0.0, Culture=neutral, PublicKeyToken=null" name="get_DistanceTest" />
    </UnitTest>
  </TestDefinitions>
  <TestLists>
    <TestList name="Results Not in a List" id="8c84fa94-04c1-424b-9868-57a2d4851a1d" />
    <TestList name="All Loaded Results" id="19431567-8539-422a-85d7-44ee4e166bda" />
  </TestLists>
  <TestEntries>
    <TestEntry testId="7ae777b6-c9e3-0e42-9c58-7dd78a7aae68" executionId="1f93539d-ea11-4b4a-aabf-72f70c6e7e86" testListId="8c84fa94-04c1-424b-9868-57a2d4851a1d" />
    <TestEntry testId="99ebe4d8-228a-bbb0-f206-3a451e16e384" executionId="77f8ce8e-90c9-4cc2-89ec-22824347292b" testListId="8c84fa94-04c1-424b-9868-57a2d4851a1d" />
  </TestEntries>
  <Results>
    <UnitTestResult executionId="1f93539d-ea11-4b4a-aabf-72f70c6e7e86" testId="7ae777b6-c9e3-0e42-9c58-7dd78a7aae68" testName="_3Dpoints_Points3DConstructorTest" computerName="STANISLAV-PC" duration="00:00:00.0227491" startTime="2014-02-09T16:50:40.9266775+02:00" endTime="2014-02-09T16:50:41.1356894+02:00" testType="13cdc9d9-ddb5-4fa4-a97d-d965ccfc6d4b" outcome="Inconclusive" testListId="8c84fa94-04c1-424b-9868-57a2d4851a1d" relativeResultsDirectory="1f93539d-ea11-4b4a-aabf-72f70c6e7e86">
      <Output>
        <ErrorInfo>
          <Message>Assert.Inconclusive failed. 12</Message>
          <StackTrace>   at Test3DPoint._3Dpoints_Points3DTest._3Dpoints_Points3DConstructorTest() in c:\users\stanislav\documents\visual studio 2010\Projects\3DPoints\Test3DPoint\_3Dpoints_Points3DTest.cs:line 77
</StackTrace>
        </ErrorInfo>
      </Output>
    </UnitTestResult>
    <UnitTestResult executionId="77f8ce8e-90c9-4cc2-89ec-22824347292b" testId="99ebe4d8-228a-bbb0-f206-3a451e16e384" testName="get_DistanceTest" computerName="STANISLAV-PC" duration="00:00:00.0085792" startTime="2014-02-09T16:50:41.1376896+02:00" endTime="2014-02-09T16:50:41.1476901+02:00" testType="13cdc9d9-ddb5-4fa4-a97d-d965ccfc6d4b" outcome="Failed" testListId="8c84fa94-04c1-424b-9868-57a2d4851a1d" relativeResultsDirectory="77f8ce8e-90c9-4cc2-89ec-22824347292b">
      <Output>
        <ErrorInfo>
          <Message>Assert.AreEqual failed. Expected:&lt;48,87&gt;. Actual:&lt;48,877&gt;. </Message>
          <StackTrace>   at Test3DPoint.DistanseTest.get_DistanceTest() in c:\users\stanislav\documents\visual studio 2010\Projects\3DPoints\Test3DPoint\DistanseTest.cs:line 78
</StackTrace>
        </ErrorInfo>
      </Output>
    </UnitTestResult>
  </Results>
</TestRun>