<?xml version="1.0" encoding="UTF-8"?>
<TestRun id="d92b5031-0ae3-48cb-b6f5-a298f12dde31" name="stanislav@STANISLAV-PC 2014-02-09 15:04:45" runUser="stanislav-PC\stanislav" xmlns="http://microsoft.com/schemas/VisualStudio/TeamTest/2010">
  <TestSettings name="Local" id="788aed3f-e710-4dd8-a548-4fb74a9d647e">
    <Description>These are default test settings for a local test run.</Description>
    <Deployment enabled="false" runDeploymentRoot="stanislav_STANISLAV-PC 2014-02-09 15_04_45">
      <DeploymentItem filename="c:\users\stanislav\documents\visual studio 2010\Projects\3DPoints\3DPoints\bin\Debug\3DPoints.dll" />
    </Deployment>
    <Execution>
      <TestTypeSpecific />
      <AgentRule name="Execution Agents">
      </AgentRule>
    </Execution>
  </TestSettings>
  <Times creation="2014-02-09T15:04:45.6101742+02:00" queuing="2014-02-09T15:04:47.7112944+02:00" start="2014-02-09T15:04:47.8723036+02:00" finish="2014-02-09T15:04:57.0728298+02:00" />
  <ResultSummary outcome="Error">
    <Counters total="1" executed="1" error="0" failed="0" timeout="0" aborted="1" inconclusive="0" passedButRunAborted="0" notRunnable="0" notExecuted="0" disconnected="0" warning="0" passed="0" completed="0" inProgress="0" pending="0" />
    <RunInfos>
      <RunInfo computerName="STANISLAV-PC" outcome="Error" timestamp="2014-02-09T15:04:57.0558288+02:00">
        <Text>Test host process exited unexpectedly.</Text>
      </RunInfo>
    </RunInfos>
  </ResultSummary>
  <TestDefinitions>
    <UnitTest name="_3Dpoints_Points3DConstructorTest" storage="c:\users\stanislav\documents\visual studio 2010\projects\3dpoints\test3dpoint\bin\debug\test3dpoint.dll" id="7ae777b6-c9e3-0e42-9c58-7dd78a7aae68">
      <Execution id="5091d058-81d5-488a-a1c6-c0faf5fc4c34" />
      <TestMethod codeBase="c:/users/stanislav/documents/visual studio 2010/Projects/3DPoints/Test3DPoint/bin/Debug/Test3DPoint.DLL" adapterTypeName="Microsoft.VisualStudio.TestTools.TestTypes.Unit.UnitTestAdapter, Microsoft.VisualStudio.QualityTools.Tips.UnitTest.Adapter, Version=10.0.0.0, Culture=neutral, PublicKeyToken=b03f5f7f11d50a3a" className="Test3DPoint._3Dpoints_Points3DTest, Test3DPoint, Version=1.0.0.0, Culture=neutral, PublicKeyToken=null" name="_3Dpoints_Points3DConstructorTest" />
    </UnitTest>
  </TestDefinitions>
  <TestLists>
    <TestList name="Results Not in a List" id="8c84fa94-04c1-424b-9868-57a2d4851a1d" />
    <TestList name="All Loaded Results" id="19431567-8539-422a-85d7-44ee4e166bda" />
  </TestLists>
  <TestEntries>
    <TestEntry testId="7ae777b6-c9e3-0e42-9c58-7dd78a7aae68" executionId="5091d058-81d5-488a-a1c6-c0faf5fc4c34" testListId="8c84fa94-04c1-424b-9868-57a2d4851a1d" />
  </TestEntries>
  <Results>
    <UnitTestResult executionId="5091d058-81d5-488a-a1c6-c0faf5fc4c34" testId="7ae777b6-c9e3-0e42-9c58-7dd78a7aae68" testName="_3Dpoints_Points3DConstructorTest" computerName="STANISLAV-PC" duration="00:00:09.0555179" startTime="2014-02-09T15:04:48.0173119+02:00" endTime="2014-02-09T15:04:57.0728298+02:00" testType="13cdc9d9-ddb5-4fa4-a97d-d965ccfc6d4b" outcome="Aborted" testListId="8c84fa94-04c1-424b-9868-57a2d4851a1d" relativeResultsDirectory="5091d058-81d5-488a-a1c6-c0faf5fc4c34">
    </UnitTestResult>
  </Results>
</TestRun>